<?xml version='1.0'?>
<ns2:test-suite xmlns:ns2='urn:model.allure.qatools.yandex.ru' start='1597816504473' stop='1597816525954'>
    <name>Demo claculator test</name>
    <title>Demo claculator test</title>
    <test-cases>
        <test-case start='1597816504473' status='failed' stop='1597816519520'>
            <name>Addition test</name>
            <title>Addition test</title>
            <labels/>
            <parameters/>
            <steps/>
            <attachments/>
            <failure>
                <message>Expected '.' to equal '7'.</message>
                <stack-trace>Error: Failed expectation
                    at homePage.verifyResult (F:\ProtractorDemo\pages\homePage.js:28:34)
                    at UserContext.&lt;anonymous> (F:\ProtractorDemo\tests\calculator.js:13:18)
                    at C:\Users\admin\AppData\Roaming\npm\node_modules\protractor\node_modules\jasminewd2\index.js:112:25
                    at new ManagedPromise (C:\Users\admin\AppData\Roaming\npm\node_modules\protractor\node_modules\selenium-webdriver\lib\promise.js:1077:7)
                    at ControlFlow.promise (C:\Users\admin\AppData\Roaming\npm\node_modules\protractor\node_modules\selenium-webdriver\lib\promise.js:2505:12)
                    at schedulerExecute (C:\Users\admin\AppData\Roaming\npm\node_modules\protractor\node_modules\jasminewd2\index.js:95:18)
                    at TaskQueue.execute_ (C:\Users\admin\AppData\Roaming\npm\node_modules\protractor\node_modules\selenium-webdriver\lib\promise.js:3084:14)
                    at TaskQueue.executeNext_ (C:\Users\admin\AppData\Roaming\npm\node_modules\protractor\node_modules\selenium-webdriver\lib\promise.js:3067:27)
                    at C:\Users\admin\AppData\Roaming\npm\node_modules\protractor\node_modules\selenium-webdriver\lib\promise.js:2974:25</stack-trace>
            </failure>
        </test-case>
        <test-case start='1597816519521' status='failed' stop='1597816525951'>
            <name>Subtraction test</name>
            <title>Subtraction test</title>
            <labels/>
            <parameters/>
            <steps/>
            <attachments/>
            <failure>
                <message>Expected '.' to equal '-1'.</message>
                <stack-trace>Error: Failed expectation
                    at homePage.verifyResult (F:\ProtractorDemo\pages\homePage.js:28:34)
                    at UserContext.&lt;anonymous> (F:\ProtractorDemo\tests\calculator.js:26:18)
                    at C:\Users\admin\AppData\Roaming\npm\node_modules\protractor\node_modules\jasminewd2\index.js:112:25
                    at new ManagedPromise (C:\Users\admin\AppData\Roaming\npm\node_modules\protractor\node_modules\selenium-webdriver\lib\promise.js:1077:7)
                    at ControlFlow.promise (C:\Users\admin\AppData\Roaming\npm\node_modules\protractor\node_modules\selenium-webdriver\lib\promise.js:2505:12)
                    at schedulerExecute (C:\Users\admin\AppData\Roaming\npm\node_modules\protractor\node_modules\jasminewd2\index.js:95:18)
                    at TaskQueue.execute_ (C:\Users\admin\AppData\Roaming\npm\node_modules\protractor\node_modules\selenium-webdriver\lib\promise.js:3084:14)
                    at TaskQueue.executeNext_ (C:\Users\admin\AppData\Roaming\npm\node_modules\protractor\node_modules\selenium-webdriver\lib\promise.js:3067:27)
                    at C:\Users\admin\AppData\Roaming\npm\node_modules\protractor\node_modules\selenium-webdriver\lib\promise.js:2927:27</stack-trace>
            </failure>
        </test-case>
    </test-cases>
</ns2:test-suite>